0::0006-0003::-------------------- Build resource: RESOURCE1    Configuration: CONFIG1 --------------
0::0001-0003::Compiling for SIMULATOR
0::0000-0003::NEUTRALZONE_REG
0:D:\VARIE\PROGETTI VARI\EMERSON\CPC - FRANKLIN BELTRAN\IPRO-DAC\DAC\GFL_2009112300\CONFIG1\RESOURCE1\NEUTRALZONE_REG:0000-0003::ONOFF_REG
0:D:\VARIE\PROGETTI VARI\EMERSON\CPC - FRANKLIN BELTRAN\IPRO-DAC\DAC\GFL_2009112300\CONFIG1\RESOURCE1\ONOFF_REG:0000-0003::ZONE_CTRL
0:D:\VARIE\PROGETTI VARI\EMERSON\CPC - FRANKLIN BELTRAN\IPRO-DAC\DAC\GFL_2009112300\CONFIG1\RESOURCE1\ZONE_CTRL:0000-0003::LADDER_REG
0:D:\VARIE\PROGETTI VARI\EMERSON\CPC - FRANKLIN BELTRAN\IPRO-DAC\DAC\GFL_2009112300\CONFIG1\RESOURCE1\LADDER_REG:0000-0003::PROPORTIONAL_REG
0:D:\VARIE\PROGETTI VARI\EMERSON\CPC - FRANKLIN BELTRAN\IPRO-DAC\DAC\GFL_2009112300\CONFIG1\RESOURCE1\PROPORTIONAL_REG:0000-0003::EVENTCNT
0:D:\VARIE\PROGETTI VARI\EMERSON\CPC - FRANKLIN BELTRAN\IPRO-DAC\DAC\GFL_2009112300\CONFIG1\RESOURCE1\EVENTCNT:0000-0003::ANALOGUE_OUTPUT
0:D:\VARIE\PROGETTI VARI\EMERSON\CPC - FRANKLIN BELTRAN\IPRO-DAC\DAC\GFL_2009112300\CONFIG1\RESOURCE1\ANALOGUE_OUTPUT:0000-0003::TRANSDUCER
0:D:\VARIE\PROGETTI VARI\EMERSON\CPC - FRANKLIN BELTRAN\IPRO-DAC\DAC\GFL_2009112300\CONFIG1\RESOURCE1\TRANSDUCER:0000-0003::ANALOG_INPUT_DRV
0:D:\VARIE\PROGETTI VARI\EMERSON\CPC - FRANKLIN BELTRAN\IPRO-DAC\DAC\GFL_2009112300\CONFIG1\RESOURCE1\ANALOG_INPUT_DRV:0000-0003::SIGNALCREATOR
0:D:\VARIE\PROGETTI VARI\EMERSON\CPC - FRANKLIN BELTRAN\IPRO-DAC\DAC\GFL_2009112300\CONFIG1\RESOURCE1\SIGNALCREATOR:0000-0003::AVERAGECALCULATOR
0:D:\VARIE\PROGETTI VARI\EMERSON\CPC - FRANKLIN BELTRAN\IPRO-DAC\DAC\GFL_2009112300\CONFIG1\RESOURCE1\AVERAGECALCULATOR:0000-0003::SIMPLEONOFF_REG
0:D:\VARIE\PROGETTI VARI\EMERSON\CPC - FRANKLIN BELTRAN\IPRO-DAC\DAC\GFL_2009112300\CONFIG1\RESOURCE1\SIMPLEONOFF_REG:0000-0003::TIMECHECKER
0:D:\VARIE\PROGETTI VARI\EMERSON\CPC - FRANKLIN BELTRAN\IPRO-DAC\DAC\GFL_2009112300\CONFIG1\RESOURCE1\TIMECHECKER:0000-0003::DAYCHECKER
0:D:\VARIE\PROGETTI VARI\EMERSON\CPC - FRANKLIN BELTRAN\IPRO-DAC\DAC\GFL_2009112300\CONFIG1\RESOURCE1\DAYCHECKER:0000-0003::RETARDER
0:D:\VARIE\PROGETTI VARI\EMERSON\CPC - FRANKLIN BELTRAN\IPRO-DAC\DAC\GFL_2009112300\CONFIG1\RESOURCE1\RETARDER:0000-0003::DEWPOINT
0:D:\VARIE\PROGETTI VARI\EMERSON\CPC - FRANKLIN BELTRAN\IPRO-DAC\DAC\GFL_2009112300\CONFIG1\RESOURCE1\DEWPOINT:0000-0003::TSAFE
0:D:\VARIE\PROGETTI VARI\EMERSON\CPC - FRANKLIN BELTRAN\IPRO-DAC\DAC\GFL_2009112300\CONFIG1\RESOURCE1\TSAFE:0000-0003::SCHEDULER
0:D:\VARIE\PROGETTI VARI\EMERSON\CPC - FRANKLIN BELTRAN\IPRO-DAC\DAC\GFL_2009112300\CONFIG1\RESOURCE1\SCHEDULER:0000-0003::DEADZONE_REG
0:D:\VARIE\PROGETTI VARI\EMERSON\CPC - FRANKLIN BELTRAN\IPRO-DAC\DAC\GFL_2009112300\CONFIG1\RESOURCE1\DEADZONE_REG:0000-0003::PID_REG
0:D:\VARIE\PROGETTI VARI\EMERSON\CPC - FRANKLIN BELTRAN\IPRO-DAC\DAC\GFL_2009112300\CONFIG1\RESOURCE1\PID_REG:0000-0003::MIXED_REG
0:D:\VARIE\PROGETTI VARI\EMERSON\CPC - FRANKLIN BELTRAN\IPRO-DAC\DAC\GFL_2009112300\CONFIG1\RESOURCE1\MIXED_REG:0003-0003::Linking for SIMULATOR
0:D:\VARIE\PROGETTI VARI\EMERSON\CPC - FRANKLIN BELTRAN\IPRO-DAC\DAC\GFL_2009112300\CONFIG1\RESOURCE1\MIXED_REG:0002-0003::RESOURCE1:    0 error(s), 0 warning(s)
