0::0006-0003::-------------------- Build resource: RESOURCE    Configuration: CONFIG --------------
0::0001-0003::Compiling for ARM-TARGET_L
0::0000-0003::AI_CO2CONVERT
0:C:\USERS\PUBLIC\DOCUMENTS\ICS TRIPLEX ISAGRAF\PROJECTS\ISAGRAF 5.2\PRJ\CES_MPUOPT_NOEXP_REV101\CONFIG\RESOURCE\AI_CO2CONVERT:0000-0003::AI_HUMCONVERT
0:C:\USERS\PUBLIC\DOCUMENTS\ICS TRIPLEX ISAGRAF\PROJECTS\ISAGRAF 5.2\PRJ\CES_MPUOPT_NOEXP_REV101\CONFIG\RESOURCE\AI_HUMCONVERT:0000-0003::AI_PRESSCONVERT
0:C:\USERS\PUBLIC\DOCUMENTS\ICS TRIPLEX ISAGRAF\PROJECTS\ISAGRAF 5.2\PRJ\CES_MPUOPT_NOEXP_REV101\CONFIG\RESOURCE\AI_PRESSCONVERT:0000-0003::AI_TEMPCONVERT
0:C:\USERS\PUBLIC\DOCUMENTS\ICS TRIPLEX ISAGRAF\PROJECTS\ISAGRAF 5.2\PRJ\CES_MPUOPT_NOEXP_REV101\CONFIG\RESOURCE\AI_TEMPCONVERT:0000-0003::AO_DIGCOMPCONV
0:C:\USERS\PUBLIC\DOCUMENTS\ICS TRIPLEX ISAGRAF\PROJECTS\ISAGRAF 5.2\PRJ\CES_MPUOPT_NOEXP_REV101\CONFIG\RESOURCE\AO_DIGCOMPCONV:0000-0003::AO_OADCONV
0:C:\USERS\PUBLIC\DOCUMENTS\ICS TRIPLEX ISAGRAF\PROJECTS\ISAGRAF 5.2\PRJ\CES_MPUOPT_NOEXP_REV101\CONFIG\RESOURCE\AO_OADCONV:0000-0003::AO_RADANDBADCONV
0:C:\USERS\PUBLIC\DOCUMENTS\ICS TRIPLEX ISAGRAF\PROJECTS\ISAGRAF 5.2\PRJ\CES_MPUOPT_NOEXP_REV101\CONFIG\RESOURCE\AO_RADANDBADCONV:0000-0003::BOOLSELECT
0:C:\USERS\PUBLIC\DOCUMENTS\ICS TRIPLEX ISAGRAF\PROJECTS\ISAGRAF 5.2\PRJ\CES_MPUOPT_NOEXP_REV101\CONFIG\RESOURCE\BOOLSELECT:0000-0003::BOOLSELECTINV
0:C:\USERS\PUBLIC\DOCUMENTS\ICS TRIPLEX ISAGRAF\PROJECTS\ISAGRAF 5.2\PRJ\CES_MPUOPT_NOEXP_REV101\CONFIG\RESOURCE\BOOLSELECTINV:0000-0003::CES_DEWPT
0:C:\USERS\PUBLIC\DOCUMENTS\ICS TRIPLEX ISAGRAF\PROJECTS\ISAGRAF 5.2\PRJ\CES_MPUOPT_NOEXP_REV101\CONFIG\RESOURCE\CES_DEWPT:0000-0003::CUTINOUTCUSTOM
0:C:\USERS\PUBLIC\DOCUMENTS\ICS TRIPLEX ISAGRAF\PROJECTS\ISAGRAF 5.2\PRJ\CES_MPUOPT_NOEXP_REV101\CONFIG\RESOURCE\CUTINOUTCUSTOM:0000-0003::CUTINOUTCUSTOM2
0:C:\USERS\PUBLIC\DOCUMENTS\ICS TRIPLEX ISAGRAF\PROJECTS\ISAGRAF 5.2\PRJ\CES_MPUOPT_NOEXP_REV101\CONFIG\RESOURCE\CUTINOUTCUSTOM2:0000-0003::INVCUTINOUTCUSTOM
0:C:\USERS\PUBLIC\DOCUMENTS\ICS TRIPLEX ISAGRAF\PROJECTS\ISAGRAF 5.2\PRJ\CES_MPUOPT_NOEXP_REV101\CONFIG\RESOURCE\INVCUTINOUTCUSTOM:0000-0003::OADAMPER
0:C:\USERS\PUBLIC\DOCUMENTS\ICS TRIPLEX ISAGRAF\PROJECTS\ISAGRAF 5.2\PRJ\CES_MPUOPT_NOEXP_REV101\CONFIG\RESOURCE\OADAMPER:0000-0003::REALSELECT
0:C:\USERS\PUBLIC\DOCUMENTS\ICS TRIPLEX ISAGRAF\PROJECTS\ISAGRAF 5.2\PRJ\CES_MPUOPT_NOEXP_REV101\CONFIG\RESOURCE\REALSELECT:0000-0003::VARLIMIT
0:C:\USERS\PUBLIC\DOCUMENTS\ICS TRIPLEX ISAGRAF\PROJECTS\ISAGRAF 5.2\PRJ\CES_MPUOPT_NOEXP_REV101\CONFIG\RESOURCE\VARLIMIT:0000-0003::DEGFTODEGC
0:C:\USERS\PUBLIC\DOCUMENTS\ICS TRIPLEX ISAGRAF\PROJECTS\ISAGRAF 5.2\PRJ\CES_MPUOPT_NOEXP_REV101\CONFIG\RESOURCE\DEGFTODEGC:0000-0003::DEGCTODEGF
0:C:\USERS\PUBLIC\DOCUMENTS\ICS TRIPLEX ISAGRAF\PROJECTS\ISAGRAF 5.2\PRJ\CES_MPUOPT_NOEXP_REV101\CONFIG\RESOURCE\DEGCTODEGF:0000-0003::MIDPOINTCALC
0:C:\USERS\PUBLIC\DOCUMENTS\ICS TRIPLEX ISAGRAF\PROJECTS\ISAGRAF 5.2\PRJ\CES_MPUOPT_NOEXP_REV101\CONFIG\RESOURCE\MIDPOINTCALC:0000-0003::TEMPSTORE
0:C:\USERS\PUBLIC\DOCUMENTS\ICS TRIPLEX ISAGRAF\PROJECTS\ISAGRAF 5.2\PRJ\CES_MPUOPT_NOEXP_REV101\CONFIG\RESOURCE\TEMPSTORE:0000-0003::ALRRECORD
0:C:\USERS\PUBLIC\DOCUMENTS\ICS TRIPLEX ISAGRAF\PROJECTS\ISAGRAF 5.2\PRJ\CES_MPUOPT_NOEXP_REV101\CONFIG\RESOURCE\ALRRECORD:0000-0003::ALOG
0:C:\USERS\PUBLIC\DOCUMENTS\ICS TRIPLEX ISAGRAF\PROJECTS\ISAGRAF 5.2\PRJ\CES_MPUOPT_NOEXP_REV101\CONFIG\RESOURCE\ALOG:0000-0003::AI_DEWPTCONVERT
0:C:\USERS\PUBLIC\DOCUMENTS\ICS TRIPLEX ISAGRAF\PROJECTS\ISAGRAF 5.2\PRJ\CES_MPUOPT_NOEXP_REV101\CONFIG\RESOURCE\AI_DEWPTCONVERT:0000-0003::CONDACONTROL
0:C:\USERS\PUBLIC\DOCUMENTS\ICS TRIPLEX ISAGRAF\PROJECTS\ISAGRAF 5.2\PRJ\CES_MPUOPT_NOEXP_REV101\CONFIG\RESOURCE\CONDACONTROL:0000-0003::MODHEATCONTROL
0:C:\USERS\PUBLIC\DOCUMENTS\ICS TRIPLEX ISAGRAF\PROJECTS\ISAGRAF 5.2\PRJ\CES_MPUOPT_NOEXP_REV101\CONFIG\RESOURCE\MODHEATCONTROL:0000-0003::PRERAMPUP
0:C:\USERS\PUBLIC\DOCUMENTS\ICS TRIPLEX ISAGRAF\PROJECTS\ISAGRAF 5.2\PRJ\CES_MPUOPT_NOEXP_REV101\CONFIG\RESOURCE\PRERAMPUP:0000-0003::SUPPLYTEMPSP
0:C:\USERS\PUBLIC\DOCUMENTS\ICS TRIPLEX ISAGRAF\PROJECTS\ISAGRAF 5.2\PRJ\CES_MPUOPT_NOEXP_REV101\CONFIG\RESOURCE\SUPPLYTEMPSP:0000-0003::REALRECORD
0:C:\USERS\PUBLIC\DOCUMENTS\ICS TRIPLEX ISAGRAF\PROJECTS\ISAGRAF 5.2\PRJ\CES_MPUOPT_NOEXP_REV101\CONFIG\RESOURCE\REALRECORD:0000-0003::DIGITALFILTER
0:C:\USERS\PUBLIC\DOCUMENTS\ICS TRIPLEX ISAGRAF\PROJECTS\ISAGRAF 5.2\PRJ\CES_MPUOPT_NOEXP_REV101\CONFIG\RESOURCE\DIGITALFILTER:0000-0003::DP_SP_SUCTPRESSCOMP
0:C:\USERS\PUBLIC\DOCUMENTS\ICS TRIPLEX ISAGRAF\PROJECTS\ISAGRAF 5.2\PRJ\CES_MPUOPT_NOEXP_REV101\CONFIG\RESOURCE\DP_SP_SUCTPRESSCOMP:0000-0003::SUCTIONCONTROL
0:C:\USERS\PUBLIC\DOCUMENTS\ICS TRIPLEX ISAGRAF\PROJECTS\ISAGRAF 5.2\PRJ\CES_MPUOPT_NOEXP_REV101\CONFIG\RESOURCE\SUCTIONCONTROL:0000-0003::SETPOINTCOMPARE
0:C:\USERS\PUBLIC\DOCUMENTS\ICS TRIPLEX ISAGRAF\PROJECTS\ISAGRAF 5.2\PRJ\CES_MPUOPT_NOEXP_REV101\CONFIG\RESOURCE\SETPOINTCOMPARE:0000-0003::BAD_ROC
0:C:\USERS\PUBLIC\DOCUMENTS\ICS TRIPLEX ISAGRAF\PROJECTS\ISAGRAF 5.2\PRJ\CES_MPUOPT_NOEXP_REV101\CONFIG\RESOURCE\BAD_ROC:0000-0003::RAD_ROC
0:C:\USERS\PUBLIC\DOCUMENTS\ICS TRIPLEX ISAGRAF\PROJECTS\ISAGRAF 5.2\PRJ\CES_MPUOPT_NOEXP_REV101\CONFIG\RESOURCE\RAD_ROC:0000-0003::SUPPLYTEMPFILTER
0:C:\USERS\PUBLIC\DOCUMENTS\ICS TRIPLEX ISAGRAF\PROJECTS\ISAGRAF 5.2\PRJ\CES_MPUOPT_NOEXP_REV101\CONFIG\RESOURCE\SUPPLYTEMPFILTER:0000-0003::HEATINGCONTROL
0:C:\USERS\PUBLIC\DOCUMENTS\ICS TRIPLEX ISAGRAF\PROJECTS\ISAGRAF 5.2\PRJ\CES_MPUOPT_NOEXP_REV101\CONFIG\RESOURCE\HEATINGCONTROL:0000-0003::MIX_SP_SUCTPRESSCOMP
0:C:\USERS\PUBLIC\DOCUMENTS\ICS TRIPLEX ISAGRAF\PROJECTS\ISAGRAF 5.2\PRJ\CES_MPUOPT_NOEXP_REV101\CONFIG\RESOURCE\MIX_SP_SUCTPRESSCOMP:0000-0003::REALMIN
0:C:\USERS\PUBLIC\DOCUMENTS\ICS TRIPLEX ISAGRAF\PROJECTS\ISAGRAF 5.2\PRJ\CES_MPUOPT_NOEXP_REV101\CONFIG\RESOURCE\REALMIN:0000-0003::EXHFANCALC
0:C:\USERS\PUBLIC\DOCUMENTS\ICS TRIPLEX ISAGRAF\PROJECTS\ISAGRAF 5.2\PRJ\CES_MPUOPT_NOEXP_REV101\CONFIG\RESOURCE\EXHFANCALC:0000-0003::PSI_TO_PASCAL
0:C:\USERS\PUBLIC\DOCUMENTS\ICS TRIPLEX ISAGRAF\PROJECTS\ISAGRAF 5.2\PRJ\CES_MPUOPT_NOEXP_REV101\CONFIG\RESOURCE\PSI_TO_PASCAL:0000-0003::REALSELECTINV
0:C:\USERS\PUBLIC\DOCUMENTS\ICS TRIPLEX ISAGRAF\PROJECTS\ISAGRAF 5.2\PRJ\CES_MPUOPT_NOEXP_REV101\CONFIG\RESOURCE\REALSELECTINV:0000-0003::OUTPUTSELECT
0:C:\USERS\PUBLIC\DOCUMENTS\ICS TRIPLEX ISAGRAF\PROJECTS\ISAGRAF 5.2\PRJ\CES_MPUOPT_NOEXP_REV101\CONFIG\RESOURCE\OUTPUTSELECT:0000-0003::COMPCAPACITY
0:C:\USERS\PUBLIC\DOCUMENTS\ICS TRIPLEX ISAGRAF\PROJECTS\ISAGRAF 5.2\PRJ\CES_MPUOPT_NOEXP_REV101\CONFIG\RESOURCE\COMPCAPACITY:0000-0003::HEATCAPACITYCALC
0:C:\USERS\PUBLIC\DOCUMENTS\ICS TRIPLEX ISAGRAF\PROJECTS\ISAGRAF 5.2\PRJ\CES_MPUOPT_NOEXP_REV101\CONFIG\RESOURCE\HEATCAPACITYCALC:0000-0003::NETOCCUPANCY_2
0:C:\USERS\PUBLIC\DOCUMENTS\ICS TRIPLEX ISAGRAF\PROJECTS\ISAGRAF 5.2\PRJ\CES_MPUOPT_NOEXP_REV101\CONFIG\RESOURCE\NETOCCUPANCY_2:0000-0003::AVERAGECALCULATOR ( -> GFL_2009112300 )
0:C:\USERS\LAURA SEMIDEY\DESKTOP\RECOMPILED_CES\CES_DAC_RECOMPILED\GFL_2009112300\CONFIG1\RESOURCE1\AVERAGECALCULATOR:0000-0003::TEMPCONVOUT
0:C:\USERS\PUBLIC\DOCUMENTS\ICS TRIPLEX ISAGRAF\PROJECTS\ISAGRAF 5.2\PRJ\CES_MPUOPT_NOEXP_REV101\CONFIG\RESOURCE\TEMPCONVOUT:0000-0003::SP_SELECTOR
0:C:\USERS\PUBLIC\DOCUMENTS\ICS TRIPLEX ISAGRAF\PROJECTS\ISAGRAF 5.2\PRJ\CES_MPUOPT_NOEXP_REV101\CONFIG\RESOURCE\SP_SELECTOR:0000-0003::TEMPCONVIN
0:C:\USERS\PUBLIC\DOCUMENTS\ICS TRIPLEX ISAGRAF\PROJECTS\ISAGRAF 5.2\PRJ\CES_MPUOPT_NOEXP_REV101\CONFIG\RESOURCE\TEMPCONVIN:0000-0003::BOOLTODV
0:C:\USERS\PUBLIC\DOCUMENTS\ICS TRIPLEX ISAGRAF\PROJECTS\ISAGRAF 5.2\PRJ\CES_MPUOPT_NOEXP_REV101\CONFIG\RESOURCE\BOOLTODV:0000-0003::DVTOBOOL
0:C:\USERS\PUBLIC\DOCUMENTS\ICS TRIPLEX ISAGRAF\PROJECTS\ISAGRAF 5.2\PRJ\CES_MPUOPT_NOEXP_REV101\CONFIG\RESOURCE\DVTOBOOL:0000-0003::UNITANDCOMPDISABLE2
0:C:\USERS\PUBLIC\DOCUMENTS\ICS TRIPLEX ISAGRAF\PROJECTS\ISAGRAF 5.2\PRJ\CES_MPUOPT_NOEXP_REV101\CONFIG\RESOURCE\UNITANDCOMPDISABLE2:0000-0003::BMS_ONLINE_CHECK
0:C:\USERS\PUBLIC\DOCUMENTS\ICS TRIPLEX ISAGRAF\PROJECTS\ISAGRAF 5.2\PRJ\CES_MPUOPT_NOEXP_REV101\CONFIG\RESOURCE\BMS_ONLINE_CHECK:0000-0003::REALTIMECLOCK
0:C:\USERS\PUBLIC\DOCUMENTS\ICS TRIPLEX ISAGRAF\PROJECTS\ISAGRAF 5.2\PRJ\CES_MPUOPT_NOEXP_REV101\CONFIG\RESOURCE\REALTIMECLOCK:0000-0003::SETCLOCK
0:C:\USERS\PUBLIC\DOCUMENTS\ICS TRIPLEX ISAGRAF\PROJECTS\ISAGRAF 5.2\PRJ\CES_MPUOPT_NOEXP_REV101\CONFIG\RESOURCE\SETCLOCK:0000-0003::CONVERTPHYSAI
0:C:\USERS\PUBLIC\DOCUMENTS\ICS TRIPLEX ISAGRAF\PROJECTS\ISAGRAF 5.2\PRJ\CES_MPUOPT_NOEXP_REV101\CONFIG\RESOURCE\CONVERTPHYSAI:0000-0003::READDIGINPUTS
0:C:\USERS\PUBLIC\DOCUMENTS\ICS TRIPLEX ISAGRAF\PROJECTS\ISAGRAF 5.2\PRJ\CES_MPUOPT_NOEXP_REV101\CONFIG\RESOURCE\READDIGINPUTS:0000-0003::SETPOINTS
0:C:\USERS\PUBLIC\DOCUMENTS\ICS TRIPLEX ISAGRAF\PROJECTS\ISAGRAF 5.2\PRJ\CES_MPUOPT_NOEXP_REV101\CONFIG\RESOURCE\SETPOINTS:0000-0003::VISOGRAPHVARCONV
0:C:\USERS\PUBLIC\DOCUMENTS\ICS TRIPLEX ISAGRAF\PROJECTS\ISAGRAF 5.2\PRJ\CES_MPUOPT_NOEXP_REV101\CONFIG\RESOURCE\VISOGRAPHVARCONV:0000-0003::SETOCCVARS
0:C:\USERS\PUBLIC\DOCUMENTS\ICS TRIPLEX ISAGRAF\PROJECTS\ISAGRAF 5.2\PRJ\CES_MPUOPT_NOEXP_REV101\CONFIG\RESOURCE\SETOCCVARS:0000-0003::CALCCONTROLTEMP_HUM
0:C:\USERS\PUBLIC\DOCUMENTS\ICS TRIPLEX ISAGRAF\PROJECTS\ISAGRAF 5.2\PRJ\CES_MPUOPT_NOEXP_REV101\CONFIG\RESOURCE\CALCCONTROLTEMP_HUM:0000-0003::CHECKSETPOINTS
0:C:\USERS\PUBLIC\DOCUMENTS\ICS TRIPLEX ISAGRAF\PROJECTS\ISAGRAF 5.2\PRJ\CES_MPUOPT_NOEXP_REV101\CONFIG\RESOURCE\CHECKSETPOINTS:0000-0003::TESTMODES
0:C:\USERS\PUBLIC\DOCUMENTS\ICS TRIPLEX ISAGRAF\PROJECTS\ISAGRAF 5.2\PRJ\CES_MPUOPT_NOEXP_REV101\CONFIG\RESOURCE\TESTMODES:0000-0003::CALCULATEDEWPOINTS
0:C:\USERS\PUBLIC\DOCUMENTS\ICS TRIPLEX ISAGRAF\PROJECTS\ISAGRAF 5.2\PRJ\CES_MPUOPT_NOEXP_REV101\CONFIG\RESOURCE\CALCULATEDEWPOINTS:0000-0003::FANFAILCHECK
0:C:\USERS\PUBLIC\DOCUMENTS\ICS TRIPLEX ISAGRAF\PROJECTS\ISAGRAF 5.2\PRJ\CES_MPUOPT_NOEXP_REV101\CONFIG\RESOURCE\FANFAILCHECK:0000-0003::FANOPERATION
0:C:\USERS\PUBLIC\DOCUMENTS\ICS TRIPLEX ISAGRAF\PROJECTS\ISAGRAF 5.2\PRJ\CES_MPUOPT_NOEXP_REV101\CONFIG\RESOURCE\FANOPERATION:0000-0003::PROCESSALARMS
0:C:\USERS\PUBLIC\DOCUMENTS\ICS TRIPLEX ISAGRAF\PROJECTS\ISAGRAF 5.2\PRJ\CES_MPUOPT_NOEXP_REV101\CONFIG\RESOURCE\PROCESSALARMS:0000-0003::SETOPMODE
0:C:\USERS\PUBLIC\DOCUMENTS\ICS TRIPLEX ISAGRAF\PROJECTS\ISAGRAF 5.2\PRJ\CES_MPUOPT_NOEXP_REV101\CONFIG\RESOURCE\SETOPMODE:0000-0003::COMPRESSORCONTROL
0:C:\USERS\PUBLIC\DOCUMENTS\ICS TRIPLEX ISAGRAF\PROJECTS\ISAGRAF 5.2\PRJ\CES_MPUOPT_NOEXP_REV101\CONFIG\RESOURCE\COMPRESSORCONTROL:0000-0003::CONTROLDAMPERS
0:C:\USERS\PUBLIC\DOCUMENTS\ICS TRIPLEX ISAGRAF\PROJECTS\ISAGRAF 5.2\PRJ\CES_MPUOPT_NOEXP_REV101\CONFIG\RESOURCE\CONTROLDAMPERS:0000-0003::HEATCONTROL
0:C:\USERS\PUBLIC\DOCUMENTS\ICS TRIPLEX ISAGRAF\PROJECTS\ISAGRAF 5.2\PRJ\CES_MPUOPT_NOEXP_REV101\CONFIG\RESOURCE\HEATCONTROL:0000-0003::CONDCONTROLPROGRAM
0:C:\USERS\PUBLIC\DOCUMENTS\ICS TRIPLEX ISAGRAF\PROJECTS\ISAGRAF 5.2\PRJ\CES_MPUOPT_NOEXP_REV101\CONFIG\RESOURCE\CONDCONTROLPROGRAM:0000-0003::UPDATERELAYOUTPUTS
0:C:\USERS\PUBLIC\DOCUMENTS\ICS TRIPLEX ISAGRAF\PROJECTS\ISAGRAF 5.2\PRJ\CES_MPUOPT_NOEXP_REV101\CONFIG\RESOURCE\UPDATERELAYOUTPUTS:0000-0003::UPDATEANALOGOUTPUTS
0:C:\USERS\PUBLIC\DOCUMENTS\ICS TRIPLEX ISAGRAF\PROJECTS\ISAGRAF 5.2\PRJ\CES_MPUOPT_NOEXP_REV101\CONFIG\RESOURCE\UPDATEANALOGOUTPUTS:0000-0003::UPDATENETINFO
0:C:\USERS\PUBLIC\DOCUMENTS\ICS TRIPLEX ISAGRAF\PROJECTS\ISAGRAF 5.2\PRJ\CES_MPUOPT_NOEXP_REV101\CONFIG\RESOURCE\UPDATENETINFO:0000-0003::UPDATEVISVAR
0:C:\USERS\PUBLIC\DOCUMENTS\ICS TRIPLEX ISAGRAF\PROJECTS\ISAGRAF 5.2\PRJ\CES_MPUOPT_NOEXP_REV101\CONFIG\RESOURCE\UPDATEVISVAR:0000-0003::HISTORICALINPUTS
0:C:\USERS\PUBLIC\DOCUMENTS\ICS TRIPLEX ISAGRAF\PROJECTS\ISAGRAF 5.2\PRJ\CES_MPUOPT_NOEXP_REV101\CONFIG\RESOURCE\HISTORICALINPUTS:0000-0003::ALRMLOG
0:C:\USERS\PUBLIC\DOCUMENTS\ICS TRIPLEX ISAGRAF\PROJECTS\ISAGRAF 5.2\PRJ\CES_MPUOPT_NOEXP_REV101\CONFIG\RESOURCE\ALRMLOG:0000-0003::SETLED
0:C:\USERS\PUBLIC\DOCUMENTS\ICS TRIPLEX ISAGRAF\PROJECTS\ISAGRAF 5.2\PRJ\CES_MPUOPT_NOEXP_REV101\CONFIG\RESOURCE\SETLED:0003-0003::Linking for ARM-TARGET_L
0:C:\USERS\PUBLIC\DOCUMENTS\ICS TRIPLEX ISAGRAF\PROJECTS\ISAGRAF 5.2\PRJ\CES_MPUOPT_NOEXP_REV101\CONFIG\RESOURCE\SETLED:0002-0003::RESOURCE:    0 error(s), 0 warning(s)
0:C:\USERS\PUBLIC\DOCUMENTS\ICS TRIPLEX ISAGRAF\PROJECTS\ISAGRAF 5.2\PRJ\CES_MPUOPT_NOEXP_REV101\CONFIG\RESOURCE\SETLED:0001-0003::Compiling for SIMULATOR
0:C:\USERS\PUBLIC\DOCUMENTS\ICS TRIPLEX ISAGRAF\PROJECTS\ISAGRAF 5.2\PRJ\CES_MPUOPT_NOEXP_REV101\CONFIG\RESOURCE\SETLED:0000-0003::AI_CO2CONVERT
0:C:\USERS\PUBLIC\DOCUMENTS\ICS TRIPLEX ISAGRAF\PROJECTS\ISAGRAF 5.2\PRJ\CES_MPUOPT_NOEXP_REV101\CONFIG\RESOURCE\AI_CO2CONVERT:0000-0003::AI_HUMCONVERT
0:C:\USERS\PUBLIC\DOCUMENTS\ICS TRIPLEX ISAGRAF\PROJECTS\ISAGRAF 5.2\PRJ\CES_MPUOPT_NOEXP_REV101\CONFIG\RESOURCE\AI_HUMCONVERT:0000-0003::AI_PRESSCONVERT
0:C:\USERS\PUBLIC\DOCUMENTS\ICS TRIPLEX ISAGRAF\PROJECTS\ISAGRAF 5.2\PRJ\CES_MPUOPT_NOEXP_REV101\CONFIG\RESOURCE\AI_PRESSCONVERT:0000-0003::AI_TEMPCONVERT
0:C:\USERS\PUBLIC\DOCUMENTS\ICS TRIPLEX ISAGRAF\PROJECTS\ISAGRAF 5.2\PRJ\CES_MPUOPT_NOEXP_REV101\CONFIG\RESOURCE\AI_TEMPCONVERT:0000-0003::AO_DIGCOMPCONV
0:C:\USERS\PUBLIC\DOCUMENTS\ICS TRIPLEX ISAGRAF\PROJECTS\ISAGRAF 5.2\PRJ\CES_MPUOPT_NOEXP_REV101\CONFIG\RESOURCE\AO_DIGCOMPCONV:0000-0003::AO_OADCONV
0:C:\USERS\PUBLIC\DOCUMENTS\ICS TRIPLEX ISAGRAF\PROJECTS\ISAGRAF 5.2\PRJ\CES_MPUOPT_NOEXP_REV101\CONFIG\RESOURCE\AO_OADCONV:0000-0003::AO_RADANDBADCONV
0:C:\USERS\PUBLIC\DOCUMENTS\ICS TRIPLEX ISAGRAF\PROJECTS\ISAGRAF 5.2\PRJ\CES_MPUOPT_NOEXP_REV101\CONFIG\RESOURCE\AO_RADANDBADCONV:0000-0003::BOOLSELECT
0:C:\USERS\PUBLIC\DOCUMENTS\ICS TRIPLEX ISAGRAF\PROJECTS\ISAGRAF 5.2\PRJ\CES_MPUOPT_NOEXP_REV101\CONFIG\RESOURCE\BOOLSELECT:0000-0003::BOOLSELECTINV
0:C:\USERS\PUBLIC\DOCUMENTS\ICS TRIPLEX ISAGRAF\PROJECTS\ISAGRAF 5.2\PRJ\CES_MPUOPT_NOEXP_REV101\CONFIG\RESOURCE\BOOLSELECTINV:0000-0003::CES_DEWPT
0:C:\USERS\PUBLIC\DOCUMENTS\ICS TRIPLEX ISAGRAF\PROJECTS\ISAGRAF 5.2\PRJ\CES_MPUOPT_NOEXP_REV101\CONFIG\RESOURCE\CES_DEWPT:0000-0003::CUTINOUTCUSTOM
0:C:\USERS\PUBLIC\DOCUMENTS\ICS TRIPLEX ISAGRAF\PROJECTS\ISAGRAF 5.2\PRJ\CES_MPUOPT_NOEXP_REV101\CONFIG\RESOURCE\CUTINOUTCUSTOM:0000-0003::CUTINOUTCUSTOM2
0:C:\USERS\PUBLIC\DOCUMENTS\ICS TRIPLEX ISAGRAF\PROJECTS\ISAGRAF 5.2\PRJ\CES_MPUOPT_NOEXP_REV101\CONFIG\RESOURCE\CUTINOUTCUSTOM2:0000-0003::INVCUTINOUTCUSTOM
0:C:\USERS\PUBLIC\DOCUMENTS\ICS TRIPLEX ISAGRAF\PROJECTS\ISAGRAF 5.2\PRJ\CES_MPUOPT_NOEXP_REV101\CONFIG\RESOURCE\INVCUTINOUTCUSTOM:0000-0003::OADAMPER
0:C:\USERS\PUBLIC\DOCUMENTS\ICS TRIPLEX ISAGRAF\PROJECTS\ISAGRAF 5.2\PRJ\CES_MPUOPT_NOEXP_REV101\CONFIG\RESOURCE\OADAMPER:0000-0003::REALSELECT
0:C:\USERS\PUBLIC\DOCUMENTS\ICS TRIPLEX ISAGRAF\PROJECTS\ISAGRAF 5.2\PRJ\CES_MPUOPT_NOEXP_REV101\CONFIG\RESOURCE\REALSELECT:0000-0003::VARLIMIT
0:C:\USERS\PUBLIC\DOCUMENTS\ICS TRIPLEX ISAGRAF\PROJECTS\ISAGRAF 5.2\PRJ\CES_MPUOPT_NOEXP_REV101\CONFIG\RESOURCE\VARLIMIT:0000-0003::DEGFTODEGC
0:C:\USERS\PUBLIC\DOCUMENTS\ICS TRIPLEX ISAGRAF\PROJECTS\ISAGRAF 5.2\PRJ\CES_MPUOPT_NOEXP_REV101\CONFIG\RESOURCE\DEGFTODEGC:0000-0003::DEGCTODEGF
0:C:\USERS\PUBLIC\DOCUMENTS\ICS TRIPLEX ISAGRAF\PROJECTS\ISAGRAF 5.2\PRJ\CES_MPUOPT_NOEXP_REV101\CONFIG\RESOURCE\DEGCTODEGF:0000-0003::MIDPOINTCALC
0:C:\USERS\PUBLIC\DOCUMENTS\ICS TRIPLEX ISAGRAF\PROJECTS\ISAGRAF 5.2\PRJ\CES_MPUOPT_NOEXP_REV101\CONFIG\RESOURCE\MIDPOINTCALC:0000-0003::TEMPSTORE
0:C:\USERS\PUBLIC\DOCUMENTS\ICS TRIPLEX ISAGRAF\PROJECTS\ISAGRAF 5.2\PRJ\CES_MPUOPT_NOEXP_REV101\CONFIG\RESOURCE\TEMPSTORE:0000-0003::ALRRECORD
0:C:\USERS\PUBLIC\DOCUMENTS\ICS TRIPLEX ISAGRAF\PROJECTS\ISAGRAF 5.2\PRJ\CES_MPUOPT_NOEXP_REV101\CONFIG\RESOURCE\ALRRECORD:0000-0003::ALOG
0:C:\USERS\PUBLIC\DOCUMENTS\ICS TRIPLEX ISAGRAF\PROJECTS\ISAGRAF 5.2\PRJ\CES_MPUOPT_NOEXP_REV101\CONFIG\RESOURCE\ALOG:0000-0003::AI_DEWPTCONVERT
0:C:\USERS\PUBLIC\DOCUMENTS\ICS TRIPLEX ISAGRAF\PROJECTS\ISAGRAF 5.2\PRJ\CES_MPUOPT_NOEXP_REV101\CONFIG\RESOURCE\AI_DEWPTCONVERT:0000-0003::CONDACONTROL
0:C:\USERS\PUBLIC\DOCUMENTS\ICS TRIPLEX ISAGRAF\PROJECTS\ISAGRAF 5.2\PRJ\CES_MPUOPT_NOEXP_REV101\CONFIG\RESOURCE\CONDACONTROL:0000-0003::MODHEATCONTROL
0:C:\USERS\PUBLIC\DOCUMENTS\ICS TRIPLEX ISAGRAF\PROJECTS\ISAGRAF 5.2\PRJ\CES_MPUOPT_NOEXP_REV101\CONFIG\RESOURCE\MODHEATCONTROL:0000-0003::PRERAMPUP
0:C:\USERS\PUBLIC\DOCUMENTS\ICS TRIPLEX ISAGRAF\PROJECTS\ISAGRAF 5.2\PRJ\CES_MPUOPT_NOEXP_REV101\CONFIG\RESOURCE\PRERAMPUP:0000-0003::SUPPLYTEMPSP
0:C:\USERS\PUBLIC\DOCUMENTS\ICS TRIPLEX ISAGRAF\PROJECTS\ISAGRAF 5.2\PRJ\CES_MPUOPT_NOEXP_REV101\CONFIG\RESOURCE\SUPPLYTEMPSP:0000-0003::REALRECORD
0:C:\USERS\PUBLIC\DOCUMENTS\ICS TRIPLEX ISAGRAF\PROJECTS\ISAGRAF 5.2\PRJ\CES_MPUOPT_NOEXP_REV101\CONFIG\RESOURCE\REALRECORD:0000-0003::DIGITALFILTER
0:C:\USERS\PUBLIC\DOCUMENTS\ICS TRIPLEX ISAGRAF\PROJECTS\ISAGRAF 5.2\PRJ\CES_MPUOPT_NOEXP_REV101\CONFIG\RESOURCE\DIGITALFILTER:0000-0003::DP_SP_SUCTPRESSCOMP
0:C:\USERS\PUBLIC\DOCUMENTS\ICS TRIPLEX ISAGRAF\PROJECTS\ISAGRAF 5.2\PRJ\CES_MPUOPT_NOEXP_REV101\CONFIG\RESOURCE\DP_SP_SUCTPRESSCOMP:0000-0003::SUCTIONCONTROL
0:C:\USERS\PUBLIC\DOCUMENTS\ICS TRIPLEX ISAGRAF\PROJECTS\ISAGRAF 5.2\PRJ\CES_MPUOPT_NOEXP_REV101\CONFIG\RESOURCE\SUCTIONCONTROL:0000-0003::SETPOINTCOMPARE
0:C:\USERS\PUBLIC\DOCUMENTS\ICS TRIPLEX ISAGRAF\PROJECTS\ISAGRAF 5.2\PRJ\CES_MPUOPT_NOEXP_REV101\CONFIG\RESOURCE\SETPOINTCOMPARE:0000-0003::BAD_ROC
0:C:\USERS\PUBLIC\DOCUMENTS\ICS TRIPLEX ISAGRAF\PROJECTS\ISAGRAF 5.2\PRJ\CES_MPUOPT_NOEXP_REV101\CONFIG\RESOURCE\BAD_ROC:0000-0003::RAD_ROC
0:C:\USERS\PUBLIC\DOCUMENTS\ICS TRIPLEX ISAGRAF\PROJECTS\ISAGRAF 5.2\PRJ\CES_MPUOPT_NOEXP_REV101\CONFIG\RESOURCE\RAD_ROC:0000-0003::SUPPLYTEMPFILTER
0:C:\USERS\PUBLIC\DOCUMENTS\ICS TRIPLEX ISAGRAF\PROJECTS\ISAGRAF 5.2\PRJ\CES_MPUOPT_NOEXP_REV101\CONFIG\RESOURCE\SUPPLYTEMPFILTER:0000-0003::HEATINGCONTROL
0:C:\USERS\PUBLIC\DOCUMENTS\ICS TRIPLEX ISAGRAF\PROJECTS\ISAGRAF 5.2\PRJ\CES_MPUOPT_NOEXP_REV101\CONFIG\RESOURCE\HEATINGCONTROL:0000-0003::MIX_SP_SUCTPRESSCOMP
0:C:\USERS\PUBLIC\DOCUMENTS\ICS TRIPLEX ISAGRAF\PROJECTS\ISAGRAF 5.2\PRJ\CES_MPUOPT_NOEXP_REV101\CONFIG\RESOURCE\MIX_SP_SUCTPRESSCOMP:0000-0003::REALMIN
0:C:\USERS\PUBLIC\DOCUMENTS\ICS TRIPLEX ISAGRAF\PROJECTS\ISAGRAF 5.2\PRJ\CES_MPUOPT_NOEXP_REV101\CONFIG\RESOURCE\REALMIN:0000-0003::EXHFANCALC
0:C:\USERS\PUBLIC\DOCUMENTS\ICS TRIPLEX ISAGRAF\PROJECTS\ISAGRAF 5.2\PRJ\CES_MPUOPT_NOEXP_REV101\CONFIG\RESOURCE\EXHFANCALC:0000-0003::PSI_TO_PASCAL
0:C:\USERS\PUBLIC\DOCUMENTS\ICS TRIPLEX ISAGRAF\PROJECTS\ISAGRAF 5.2\PRJ\CES_MPUOPT_NOEXP_REV101\CONFIG\RESOURCE\PSI_TO_PASCAL:0000-0003::REALSELECTINV
0:C:\USERS\PUBLIC\DOCUMENTS\ICS TRIPLEX ISAGRAF\PROJECTS\ISAGRAF 5.2\PRJ\CES_MPUOPT_NOEXP_REV101\CONFIG\RESOURCE\REALSELECTINV:0000-0003::OUTPUTSELECT
0:C:\USERS\PUBLIC\DOCUMENTS\ICS TRIPLEX ISAGRAF\PROJECTS\ISAGRAF 5.2\PRJ\CES_MPUOPT_NOEXP_REV101\CONFIG\RESOURCE\OUTPUTSELECT:0000-0003::COMPCAPACITY
0:C:\USERS\PUBLIC\DOCUMENTS\ICS TRIPLEX ISAGRAF\PROJECTS\ISAGRAF 5.2\PRJ\CES_MPUOPT_NOEXP_REV101\CONFIG\RESOURCE\COMPCAPACITY:0000-0003::HEATCAPACITYCALC
0:C:\USERS\PUBLIC\DOCUMENTS\ICS TRIPLEX ISAGRAF\PROJECTS\ISAGRAF 5.2\PRJ\CES_MPUOPT_NOEXP_REV101\CONFIG\RESOURCE\HEATCAPACITYCALC:0000-0003::NETOCCUPANCY_2
0:C:\USERS\PUBLIC\DOCUMENTS\ICS TRIPLEX ISAGRAF\PROJECTS\ISAGRAF 5.2\PRJ\CES_MPUOPT_NOEXP_REV101\CONFIG\RESOURCE\NETOCCUPANCY_2:0000-0003::AVERAGECALCULATOR ( -> GFL_2009112300 )
0:C:\USERS\LAURA SEMIDEY\DESKTOP\RECOMPILED_CES\CES_DAC_RECOMPILED\GFL_2009112300\CONFIG1\RESOURCE1\AVERAGECALCULATOR:0000-0003::TEMPCONVOUT
0:C:\USERS\PUBLIC\DOCUMENTS\ICS TRIPLEX ISAGRAF\PROJECTS\ISAGRAF 5.2\PRJ\CES_MPUOPT_NOEXP_REV101\CONFIG\RESOURCE\TEMPCONVOUT:0000-0003::SP_SELECTOR
0:C:\USERS\PUBLIC\DOCUMENTS\ICS TRIPLEX ISAGRAF\PROJECTS\ISAGRAF 5.2\PRJ\CES_MPUOPT_NOEXP_REV101\CONFIG\RESOURCE\SP_SELECTOR:0000-0003::TEMPCONVIN
0:C:\USERS\PUBLIC\DOCUMENTS\ICS TRIPLEX ISAGRAF\PROJECTS\ISAGRAF 5.2\PRJ\CES_MPUOPT_NOEXP_REV101\CONFIG\RESOURCE\TEMPCONVIN:0000-0003::BOOLTODV
0:C:\USERS\PUBLIC\DOCUMENTS\ICS TRIPLEX ISAGRAF\PROJECTS\ISAGRAF 5.2\PRJ\CES_MPUOPT_NOEXP_REV101\CONFIG\RESOURCE\BOOLTODV:0000-0003::DVTOBOOL
0:C:\USERS\PUBLIC\DOCUMENTS\ICS TRIPLEX ISAGRAF\PROJECTS\ISAGRAF 5.2\PRJ\CES_MPUOPT_NOEXP_REV101\CONFIG\RESOURCE\DVTOBOOL:0000-0003::UNITANDCOMPDISABLE2
0:C:\USERS\PUBLIC\DOCUMENTS\ICS TRIPLEX ISAGRAF\PROJECTS\ISAGRAF 5.2\PRJ\CES_MPUOPT_NOEXP_REV101\CONFIG\RESOURCE\UNITANDCOMPDISABLE2:0000-0003::BMS_ONLINE_CHECK
0:C:\USERS\PUBLIC\DOCUMENTS\ICS TRIPLEX ISAGRAF\PROJECTS\ISAGRAF 5.2\PRJ\CES_MPUOPT_NOEXP_REV101\CONFIG\RESOURCE\BMS_ONLINE_CHECK:0000-0003::REALTIMECLOCK
0:C:\USERS\PUBLIC\DOCUMENTS\ICS TRIPLEX ISAGRAF\PROJECTS\ISAGRAF 5.2\PRJ\CES_MPUOPT_NOEXP_REV101\CONFIG\RESOURCE\REALTIMECLOCK:0000-0003::SETCLOCK
0:C:\USERS\PUBLIC\DOCUMENTS\ICS TRIPLEX ISAGRAF\PROJECTS\ISAGRAF 5.2\PRJ\CES_MPUOPT_NOEXP_REV101\CONFIG\RESOURCE\SETCLOCK:0000-0003::CONVERTPHYSAI
0:C:\USERS\PUBLIC\DOCUMENTS\ICS TRIPLEX ISAGRAF\PROJECTS\ISAGRAF 5.2\PRJ\CES_MPUOPT_NOEXP_REV101\CONFIG\RESOURCE\CONVERTPHYSAI:0000-0003::READDIGINPUTS
0:C:\USERS\PUBLIC\DOCUMENTS\ICS TRIPLEX ISAGRAF\PROJECTS\ISAGRAF 5.2\PRJ\CES_MPUOPT_NOEXP_REV101\CONFIG\RESOURCE\READDIGINPUTS:0000-0003::SETPOINTS
0:C:\USERS\PUBLIC\DOCUMENTS\ICS TRIPLEX ISAGRAF\PROJECTS\ISAGRAF 5.2\PRJ\CES_MPUOPT_NOEXP_REV101\CONFIG\RESOURCE\SETPOINTS:0000-0003::VISOGRAPHVARCONV
0:C:\USERS\PUBLIC\DOCUMENTS\ICS TRIPLEX ISAGRAF\PROJECTS\ISAGRAF 5.2\PRJ\CES_MPUOPT_NOEXP_REV101\CONFIG\RESOURCE\VISOGRAPHVARCONV:0000-0003::SETOCCVARS
0:C:\USERS\PUBLIC\DOCUMENTS\ICS TRIPLEX ISAGRAF\PROJECTS\ISAGRAF 5.2\PRJ\CES_MPUOPT_NOEXP_REV101\CONFIG\RESOURCE\SETOCCVARS:0000-0003::CALCCONTROLTEMP_HUM
0:C:\USERS\PUBLIC\DOCUMENTS\ICS TRIPLEX ISAGRAF\PROJECTS\ISAGRAF 5.2\PRJ\CES_MPUOPT_NOEXP_REV101\CONFIG\RESOURCE\CALCCONTROLTEMP_HUM:0000-0003::CHECKSETPOINTS
0:C:\USERS\PUBLIC\DOCUMENTS\ICS TRIPLEX ISAGRAF\PROJECTS\ISAGRAF 5.2\PRJ\CES_MPUOPT_NOEXP_REV101\CONFIG\RESOURCE\CHECKSETPOINTS:0000-0003::TESTMODES
0:C:\USERS\PUBLIC\DOCUMENTS\ICS TRIPLEX ISAGRAF\PROJECTS\ISAGRAF 5.2\PRJ\CES_MPUOPT_NOEXP_REV101\CONFIG\RESOURCE\TESTMODES:0000-0003::CALCULATEDEWPOINTS
0:C:\USERS\PUBLIC\DOCUMENTS\ICS TRIPLEX ISAGRAF\PROJECTS\ISAGRAF 5.2\PRJ\CES_MPUOPT_NOEXP_REV101\CONFIG\RESOURCE\CALCULATEDEWPOINTS:0000-0003::FANFAILCHECK
0:C:\USERS\PUBLIC\DOCUMENTS\ICS TRIPLEX ISAGRAF\PROJECTS\ISAGRAF 5.2\PRJ\CES_MPUOPT_NOEXP_REV101\CONFIG\RESOURCE\FANFAILCHECK:0000-0003::FANOPERATION
0:C:\USERS\PUBLIC\DOCUMENTS\ICS TRIPLEX ISAGRAF\PROJECTS\ISAGRAF 5.2\PRJ\CES_MPUOPT_NOEXP_REV101\CONFIG\RESOURCE\FANOPERATION:0000-0003::PROCESSALARMS
0:C:\USERS\PUBLIC\DOCUMENTS\ICS TRIPLEX ISAGRAF\PROJECTS\ISAGRAF 5.2\PRJ\CES_MPUOPT_NOEXP_REV101\CONFIG\RESOURCE\PROCESSALARMS:0000-0003::SETOPMODE
0:C:\USERS\PUBLIC\DOCUMENTS\ICS TRIPLEX ISAGRAF\PROJECTS\ISAGRAF 5.2\PRJ\CES_MPUOPT_NOEXP_REV101\CONFIG\RESOURCE\SETOPMODE:0000-0003::COMPRESSORCONTROL
0:C:\USERS\PUBLIC\DOCUMENTS\ICS TRIPLEX ISAGRAF\PROJECTS\ISAGRAF 5.2\PRJ\CES_MPUOPT_NOEXP_REV101\CONFIG\RESOURCE\COMPRESSORCONTROL:0000-0003::CONTROLDAMPERS
0:C:\USERS\PUBLIC\DOCUMENTS\ICS TRIPLEX ISAGRAF\PROJECTS\ISAGRAF 5.2\PRJ\CES_MPUOPT_NOEXP_REV101\CONFIG\RESOURCE\CONTROLDAMPERS:0000-0003::HEATCONTROL
0:C:\USERS\PUBLIC\DOCUMENTS\ICS TRIPLEX ISAGRAF\PROJECTS\ISAGRAF 5.2\PRJ\CES_MPUOPT_NOEXP_REV101\CONFIG\RESOURCE\HEATCONTROL:0000-0003::CONDCONTROLPROGRAM
0:C:\USERS\PUBLIC\DOCUMENTS\ICS TRIPLEX ISAGRAF\PROJECTS\ISAGRAF 5.2\PRJ\CES_MPUOPT_NOEXP_REV101\CONFIG\RESOURCE\CONDCONTROLPROGRAM:0000-0003::UPDATERELAYOUTPUTS
0:C:\USERS\PUBLIC\DOCUMENTS\ICS TRIPLEX ISAGRAF\PROJECTS\ISAGRAF 5.2\PRJ\CES_MPUOPT_NOEXP_REV101\CONFIG\RESOURCE\UPDATERELAYOUTPUTS:0000-0003::UPDATEANALOGOUTPUTS
0:C:\USERS\PUBLIC\DOCUMENTS\ICS TRIPLEX ISAGRAF\PROJECTS\ISAGRAF 5.2\PRJ\CES_MPUOPT_NOEXP_REV101\CONFIG\RESOURCE\UPDATEANALOGOUTPUTS:0000-0003::UPDATENETINFO
0:C:\USERS\PUBLIC\DOCUMENTS\ICS TRIPLEX ISAGRAF\PROJECTS\ISAGRAF 5.2\PRJ\CES_MPUOPT_NOEXP_REV101\CONFIG\RESOURCE\UPDATENETINFO:0000-0003::UPDATEVISVAR
0:C:\USERS\PUBLIC\DOCUMENTS\ICS TRIPLEX ISAGRAF\PROJECTS\ISAGRAF 5.2\PRJ\CES_MPUOPT_NOEXP_REV101\CONFIG\RESOURCE\UPDATEVISVAR:0000-0003::HISTORICALINPUTS
0:C:\USERS\PUBLIC\DOCUMENTS\ICS TRIPLEX ISAGRAF\PROJECTS\ISAGRAF 5.2\PRJ\CES_MPUOPT_NOEXP_REV101\CONFIG\RESOURCE\HISTORICALINPUTS:0000-0003::ALRMLOG
0:C:\USERS\PUBLIC\DOCUMENTS\ICS TRIPLEX ISAGRAF\PROJECTS\ISAGRAF 5.2\PRJ\CES_MPUOPT_NOEXP_REV101\CONFIG\RESOURCE\ALRMLOG:0000-0003::SETLED
0:C:\USERS\PUBLIC\DOCUMENTS\ICS TRIPLEX ISAGRAF\PROJECTS\ISAGRAF 5.2\PRJ\CES_MPUOPT_NOEXP_REV101\CONFIG\RESOURCE\SETLED:0003-0003::Linking for SIMULATOR
0:C:\USERS\PUBLIC\DOCUMENTS\ICS TRIPLEX ISAGRAF\PROJECTS\ISAGRAF 5.2\PRJ\CES_MPUOPT_NOEXP_REV101\CONFIG\RESOURCE\SETLED:0002-0003::RESOURCE:    0 error(s), 0 warning(s)
